
> smartcv-hub@0.1.0 build
> next build

  Γû▓ Next.js 14.2.21

   Creating an optimized production build ...
 Γ£ô Compiled successfully
   Skipping linting
   Checking validity of types ...
   Collecting page data ...
   Generating static pages (0/9) ...
   Generating static pages (2/9) 
   Generating static pages (4/9) 
   Generating static pages (6/9) 
 Γ£ô Generating static pages (9/9)
   Finalizing page optimization ...
   Collecting build traces ...

Route (app)                              Size     First Load JS
Γöî Γùï /                                    138 B          87.3 kB
Γö£ Γùï /_not-found                          873 B          88.1 kB
Γö£ ΓùÅ /[locale]                            180 B           110 kB
Γö£   Γö£ /en
Γö£   Γö£ /fr
Γö£   Γöö /ar
Γöö Γùï /api/health                          0 B                0 B
+ First Load JS shared by all            87.2 kB
  Γö£ chunks/117-c9b1668ee8293282.js       31.6 kB
  Γö£ chunks/fd9d1056-0c807601cc2b4b1c.js  53.6 kB
  Γöö other shared chunks (total)          1.96 kB


╞Æ Middleware                             37.5 kB

Γùï  (Static)  prerendered as static content
ΓùÅ  (SSG)     prerendered as static HTML (uses getStaticProps)

